<?xml version="1.0" encoding="UTF-8"?>
<testsuite name="SRHPasswordManager_tests.TestNotebook-20240122193733" tests="3" file="SRHPasswordManager_tests.py" time="0.006" timestamp="2024-01-22T19:37:33" failures="0" errors="1" skipped="0">
	<testcase classname="SRHPasswordManager_tests.TestNotebook" name="test_check_for_file_existing" time="0.001" timestamp="2024-01-22T19:37:33"/>
	<testcase classname="SRHPasswordManager_tests.TestNotebook" name="test_check_for_file_not_existing" time="0.001" timestamp="2024-01-22T19:37:33"/>
	<testcase classname="SRHPasswordManager_tests.TestNotebook" name="test_add_entry" time="0.004" timestamp="2024-01-22T19:37:33">
		<error type="KeyError" message="'Websites'"><![CDATA[Traceback (most recent call last):
  File "C:\Users\Acer\anaconda3\Lib\unittest\case.py", line 57, in testPartExecutor
    yield
  File "C:\Users\Acer\anaconda3\Lib\unittest\case.py", line 623, in run
    self._callTestMethod(testMethod)
    ^^^^^^^^^^^^^^^^^
  File "C:\Users\Acer\anaconda3\Lib\unittest\case.py", line 579, in _callTestMethod
    if method() is not None:
    ^^^^^^^^^^^^^^^^^
  File "c:\users\acer\documents\github\srhpasswordmanager\src\unittest\python\SRHPasswordManager_tests.py", line 30, in test_add_entry
    self.assertEqual(self.notebook.book['Websites']['example'], expected_entry)
    ^^^^^^^^^^^^^^^^^
KeyError: 'Websites'
]]></error>
	</testcase>
</testsuite>
