<?xml version="1.0" encoding="UTF-8"?>
<testsuite name="SRHPasswordManager_tests.TestNotebook-20240123164227" tests="5" file="SRHPasswordManager_tests.py" time="0.332" timestamp="2024-01-23T16:42:28" failures="1" errors="0" skipped="0">
	<testcase classname="SRHPasswordManager_tests.TestNotebook" name="test_add_entry" time="0.150" timestamp="2024-01-23T16:42:27"/>
	<testcase classname="SRHPasswordManager_tests.TestNotebook" name="test_check_for_file_existing" time="0.001" timestamp="2024-01-23T16:42:27"/>
	<testcase classname="SRHPasswordManager_tests.TestNotebook" name="test_check_for_file_not_existing" time="0.001" timestamp="2024-01-23T16:42:27"/>
	<testcase classname="SRHPasswordManager_tests.TestNotebook" name="test_load_and_decrypt" time="0.085" timestamp="2024-01-23T16:42:28"/>
	<testcase classname="SRHPasswordManager_tests.TestNotebook" name="test_encrypt_and_write" time="0.095" timestamp="2024-01-23T16:42:27">
		<failure type="AssertionError" message="{'Websites': {'amazon.com': {'Username': [109 chars]1'}}} != &lt;SRHPasswordManager.Notebook object at 0x000001CF66E13510&gt;"><![CDATA[Traceback (most recent call last):
  File "C:\Users\Acer\anaconda3\Lib\unittest\case.py", line 57, in testPartExecutor
    yield
  File "C:\Users\Acer\anaconda3\Lib\unittest\case.py", line 623, in run
    self._callTestMethod(testMethod)
    ^^^^^^^^^^^^^^^^^
  File "C:\Users\Acer\anaconda3\Lib\unittest\case.py", line 579, in _callTestMethod
    if method() is not None:
    ^^^^^^^^^^^^^^^^^
  File "c:\users\acer\documents\github\srhpasswordmanager\src\unittest\python\SRHPasswordManager_tests.py", line 72, in test_encrypt_and_write
    self.assertEqual(decrypted_notebook, notebook)
    ^^^^^^^^^^^^^^^^^
  File "C:\Users\Acer\anaconda3\Lib\unittest\case.py", line 873, in assertEqual
    assertion_func(first, second, msg=msg)
    ^^^^^^^^^^^^^^^^^
  File "C:\Users\Acer\anaconda3\Lib\unittest\case.py", line 866, in _baseAssertEqual
    raise self.failureException(msg)
    ^^^^^^^^^^^^^^^^^
AssertionError: {'Websites': {'amazon.com': {'Username': [109 chars]1'}}} != <SRHPasswordManager.Notebook object at 0x000001CF66E13510>
]]></failure>
	</testcase>
</testsuite>
